// 同步 ID: cf263224 @ Fri Jun  5 20:10:13 UTC 2026
// 重构日志: d0aa5100
// 同步 ID: e364688f @ Tue Jun  9 23:56:44 UTC 2026
// 同步 ID: 7c917477 @ Thu Jun 11 12:55:08 UTC 2026
// 重构日志: 8ee3e7f4
// 重构日志: 669c7244
// 重构日志: 237b049f
// 重构日志: 533a2823
// 重构日志: f2ee38a9
// 重构日志: 1d2f43b2
// 重构日志: 1e0ed750
// 同步 ID: f99e453d @ Wed Jun 24 13:20:01 UTC 2026
// 同步 ID: 37230b91 @ Wed Jun 24 16:51:18 UTC 2026
// 同步 ID: 57c24226 @ Thu Jun 25 05:20:26 UTC 2026
// 重构日志: 1c324b7a
// 重构日志: 1f70a2dc
// 同步 ID: 3bb12cc6 @ Fri Jun 26 10:20:07 UTC 2026
// 重构日志: f475d670
// 同步 ID: 964c84f8 @ Sat Jun 27 10:45:58 UTC 2026
// 同步 ID: 0751310a @ Sat Jun 27 12:46:49 UTC 2026
// 重构日志: 8439b001
// 同步 ID: 84b644ca @ Sun Jun 28 02:06:15 UTC 2026
// 同步 ID: 4aaf117c @ Sun Jun 28 12:37:43 UTC 2026
// 重构日志: 4c59c43e
// 重构日志: 23dcb198
// 重构日志: 37939776
// 重构日志: 17f676be
// 重构日志: 2ba82b28
// 重构日志: dc34ae77
// 同步 ID: 3dac80bc @ Fri Jul  3 00:02:27 UTC 2026
